2022-Jul-23 03:41:26 am [main] INFO  com.visionit1.automation.core.WebDriverFactory - Firefox Browser invoked
2022-Jul-23 03:41:26 am [main] INFO  com.visionit1.automation.core.WebDriverFactory - Driver maximized and implicit time out set to 20 seconds
2022-Jul-23 03:41:26 am [main] INFO  com.visionit1.automation.stepdefs.StepDefs - Browser invoked
2022-Jul-23 03:41:38 am [main] INFO  com.visionit1.automation.stepdefs.StepDefs - Browser navigated to URL :http://automationpractice.com/
2022-Jul-23 03:41:39 am [main] INFO  com.visionit1.automation.core.WebDriverFactory - Driver closed
2022-Jul-23 03:41:39 am [main] INFO  com.visionit1.automation.stepdefs.StepDefs - Browser closed
2022-Jul-23 03:41:41 am [main] INFO  com.visionit1.automation.core.WebDriverFactory - Firefox Browser invoked
2022-Jul-23 03:41:41 am [main] INFO  com.visionit1.automation.core.WebDriverFactory - Driver maximized and implicit time out set to 20 seconds
2022-Jul-23 03:41:41 am [main] INFO  com.visionit1.automation.stepdefs.StepDefs - Browser invoked
2022-Jul-23 03:41:51 am [main] INFO  com.visionit1.automation.stepdefs.StepDefs - Browser navigated to URL :http://automationpractice.com/
2022-Jul-23 03:41:51 am [main] INFO  com.visionit1.automation.pageobjects.HomePageObjects - Title validation successful. Actual Title :My Store
2022-Jul-23 03:41:51 am [main] INFO  com.visionit1.automation.core.WebDriverFactory - Driver closed
2022-Jul-23 03:41:51 am [main] INFO  com.visionit1.automation.stepdefs.StepDefs - Browser closed
2022-Jul-23 03:41:53 am [main] INFO  com.visionit1.automation.core.WebDriverFactory - Firefox Browser invoked
2022-Jul-23 03:41:53 am [main] INFO  com.visionit1.automation.core.WebDriverFactory - Driver maximized and implicit time out set to 20 seconds
2022-Jul-23 03:41:53 am [main] INFO  com.visionit1.automation.stepdefs.StepDefs - Browser invoked
2022-Jul-23 03:42:03 am [main] INFO  com.visionit1.automation.stepdefs.StepDefs - Browser navigated to URL :http://automationpractice.com/
2022-Jul-23 03:42:03 am [main] INFO  com.visionit1.automation.pageobjects.HomePageObjects - All product catagories are displayed
2022-Jul-23 03:42:03 am [main] INFO  com.visionit1.automation.pageobjects.HomePageObjects - All product catagories are displayed
2022-Jul-23 03:42:03 am [main] INFO  com.visionit1.automation.pageobjects.HomePageObjects - All product catagories are displayed
2022-Jul-23 03:42:04 am [main] INFO  com.visionit1.automation.core.WebDriverFactory - Driver closed
2022-Jul-23 03:42:04 am [main] INFO  com.visionit1.automation.stepdefs.StepDefs - Browser closed
2022-Jul-23 03:42:06 am [main] INFO  com.visionit1.automation.core.WebDriverFactory - Firefox Browser invoked
2022-Jul-23 03:42:06 am [main] INFO  com.visionit1.automation.core.WebDriverFactory - Driver maximized and implicit time out set to 20 seconds
2022-Jul-23 03:42:06 am [main] INFO  com.visionit1.automation.stepdefs.StepDefs - Browser invoked
2022-Jul-23 03:42:16 am [main] INFO  com.visionit1.automation.stepdefs.StepDefs - Browser navigated to URL :http://automationpractice.com/
2022-Jul-23 03:42:16 am [main] INFO  com.visionit1.automation.pageobjects.HomePageObjects - created webelement for logoimage
2022-Jul-23 03:42:16 am [main] INFO  com.visionit1.automation.pageobjects.HomePageObjects - Landing page logo is displayed
2022-Jul-23 03:42:17 am [main] INFO  com.visionit1.automation.core.WebDriverFactory - Driver closed
2022-Jul-23 03:42:17 am [main] INFO  com.visionit1.automation.stepdefs.StepDefs - Browser closed
2022-Jul-23 03:42:18 am [main] INFO  com.visionit1.automation.core.WebDriverFactory - Firefox Browser invoked
2022-Jul-23 03:42:18 am [main] INFO  com.visionit1.automation.core.WebDriverFactory - Driver maximized and implicit time out set to 20 seconds
2022-Jul-23 03:42:18 am [main] INFO  com.visionit1.automation.stepdefs.StepDefs - Browser invoked
2022-Jul-23 03:42:29 am [main] INFO  com.visionit1.automation.stepdefs.StepDefs - Browser navigated to URL :http://automationpractice.com/
2022-Jul-23 03:42:29 am [main] INFO  com.visionit1.automation.pageobjects.HomePageObjects - created webelement for logoimage
2022-Jul-23 03:42:29 am [main] INFO  com.visionit1.automation.pageobjects.HomePageObjects - Landing page logo height is 99
2022-Jul-23 03:42:30 am [main] INFO  com.visionit1.automation.core.WebDriverFactory - Driver closed
2022-Jul-23 03:42:30 am [main] INFO  com.visionit1.automation.stepdefs.StepDefs - Browser closed
2022-Jul-23 03:42:31 am [main] INFO  com.visionit1.automation.core.WebDriverFactory - Firefox Browser invoked
2022-Jul-23 03:42:31 am [main] INFO  com.visionit1.automation.core.WebDriverFactory - Driver maximized and implicit time out set to 20 seconds
2022-Jul-23 03:42:31 am [main] INFO  com.visionit1.automation.stepdefs.StepDefs - Browser invoked
2022-Jul-23 03:42:42 am [main] INFO  com.visionit1.automation.stepdefs.StepDefs - Browser navigated to URL :http://automationpractice.com/
2022-Jul-23 03:42:42 am [main] INFO  com.visionit1.automation.pageobjects.HomePageObjects - created webelement for logoimage
2022-Jul-23 03:42:42 am [main] INFO  com.visionit1.automation.pageobjects.HomePageObjects - Landing page logo width is 350
2022-Jul-23 03:42:43 am [main] INFO  com.visionit1.automation.core.WebDriverFactory - Driver closed
2022-Jul-23 03:42:43 am [main] INFO  com.visionit1.automation.stepdefs.StepDefs - Browser closed
2022-Jul-23 03:42:45 am [main] INFO  com.visionit1.automation.core.WebDriverFactory - Firefox Browser invoked
2022-Jul-23 03:42:45 am [main] INFO  com.visionit1.automation.core.WebDriverFactory - Driver maximized and implicit time out set to 20 seconds
2022-Jul-23 03:42:45 am [main] INFO  com.visionit1.automation.stepdefs.StepDefs - Browser invoked
2022-Jul-23 03:42:56 am [main] INFO  com.visionit1.automation.stepdefs.StepDefs - Browser navigated to URL :http://automationpractice.com/
2022-Jul-23 03:42:56 am [main] INFO  com.visionit1.automation.pageobjects.HomePageObjects - Created webelement for signin button
2022-Jul-23 03:42:59 am [main] INFO  com.visionit1.automation.pageobjects.HomePageObjects - Clicked on sign in button
2022-Jul-23 03:43:02 am [main] INFO  com.visionit1.automation.pageobjects.HomePageObjects - Sign in page title is :Login - My Store
2022-Jul-23 03:43:03 am [main] INFO  com.visionit1.automation.core.WebDriverFactory - Driver closed
2022-Jul-23 03:43:03 am [main] INFO  com.visionit1.automation.stepdefs.StepDefs - Browser closed
2022-Jul-23 03:43:05 am [main] INFO  com.visionit1.automation.core.WebDriverFactory - Firefox Browser invoked
2022-Jul-23 03:43:05 am [main] INFO  com.visionit1.automation.core.WebDriverFactory - Driver maximized and implicit time out set to 20 seconds
2022-Jul-23 03:43:05 am [main] INFO  com.visionit1.automation.stepdefs.StepDefs - Browser invoked
2022-Jul-23 03:43:16 am [main] INFO  com.visionit1.automation.stepdefs.StepDefs - Browser navigated to URL :http://automationpractice.com/
2022-Jul-23 03:43:16 am [main] INFO  com.visionit1.automation.pageobjects.HomePageObjects - Created a webelement for searchbox
2022-Jul-23 03:43:16 am [main] INFO  com.visionit1.automation.pageobjects.HomePageObjects - Search box is enabled
2022-Jul-23 03:43:16 am [main] INFO  com.visionit1.automation.pageobjects.HomePageObjects - Sent product name in searchbox
2022-Jul-23 03:43:18 am [main] INFO  com.visionit1.automation.pageobjects.HomePageObjects - Created WebElement for dresssearchlist
2022-Jul-23 03:43:18 am [main] INFO  com.visionit1.automation.pageobjects.HomePageObjects - Count set to 0
2022-Jul-23 03:43:18 am [main] INFO  com.visionit1.automation.pageobjects.HomePageObjects - Search list is printed
2022-Jul-23 03:43:18 am [main] INFO  com.visionit1.automation.pageobjects.HomePageObjects - Count increased by 1
2022-Jul-23 03:43:18 am [main] INFO  com.visionit1.automation.pageobjects.HomePageObjects - Search list is printed
2022-Jul-23 03:43:18 am [main] INFO  com.visionit1.automation.pageobjects.HomePageObjects - Count increased by 1
2022-Jul-23 03:43:18 am [main] INFO  com.visionit1.automation.pageobjects.HomePageObjects - Search list is printed
2022-Jul-23 03:43:18 am [main] INFO  com.visionit1.automation.pageobjects.HomePageObjects - Count increased by 1
2022-Jul-23 03:43:18 am [main] INFO  com.visionit1.automation.pageobjects.HomePageObjects - Search list is printed
2022-Jul-23 03:43:18 am [main] INFO  com.visionit1.automation.pageobjects.HomePageObjects - Count increased by 1
2022-Jul-23 03:43:18 am [main] INFO  com.visionit1.automation.pageobjects.HomePageObjects - Search list is printed
2022-Jul-23 03:43:18 am [main] INFO  com.visionit1.automation.pageobjects.HomePageObjects - Count increased by 1
2022-Jul-23 03:43:18 am [main] INFO  com.visionit1.automation.pageobjects.HomePageObjects - Search list is printed
2022-Jul-23 03:43:18 am [main] INFO  com.visionit1.automation.pageobjects.HomePageObjects - Search list is printed
2022-Jul-23 03:43:18 am [main] INFO  com.visionit1.automation.pageobjects.HomePageObjects - The number of products contains keyword dress are 5
2022-Jul-23 03:43:18 am [main] INFO  com.visionit1.automation.core.WebDriverFactory - Driver closed
2022-Jul-23 03:43:18 am [main] INFO  com.visionit1.automation.stepdefs.StepDefs - Browser closed
2022-Jul-23 03:43:20 am [main] INFO  com.visionit1.automation.core.WebDriverFactory - Firefox Browser invoked
2022-Jul-23 03:43:20 am [main] INFO  com.visionit1.automation.core.WebDriverFactory - Driver maximized and implicit time out set to 20 seconds
2022-Jul-23 03:43:20 am [main] INFO  com.visionit1.automation.stepdefs.StepDefs - Browser invoked
2022-Jul-23 03:43:30 am [main] INFO  com.visionit1.automation.stepdefs.StepDefs - Browser navigated to URL :http://automationpractice.com/
2022-Jul-23 03:43:30 am [main] INFO  com.visionit1.automation.pageobjects.HomePageObjects - Created webElement for twiter
2022-Jul-23 03:43:30 am [main] INFO  com.visionit1.automation.pageobjects.HomePageObjects - Click on twitter logo
2022-Jul-23 03:43:30 am [main] INFO  com.visionit1.automation.pageobjects.HomePageObjects - Window switched to twitter page
2022-Jul-23 03:43:34 am [main] INFO  com.visionit1.automation.pageobjects.HomePageObjects - Created WebElement for Twitter Account name
2022-Jul-23 03:43:34 am [main] INFO  com.visionit1.automation.pageobjects.HomePageObjects - Twitter Account name is :Selenium Framework
2022-Jul-23 03:43:35 am [main] INFO  com.visionit1.automation.core.WebDriverFactory - Driver closed
2022-Jul-23 03:43:35 am [main] INFO  com.visionit1.automation.stepdefs.StepDefs - Browser closed
2022-Jul-23 03:43:35 am [main] INFO  com.visionit1.automation.core.WebDriverFactory - Driver closed
2022-Jul-23 03:43:35 am [main] INFO  com.visionit1.automation.stepdefs.StepDefs - Browser closed
