2022-Jul-23 03:45:58 am [main] INFO  com.visionit1.automation.core.WebDriverFactory - Firefox Browser invoked
2022-Jul-23 03:45:58 am [main] INFO  com.visionit1.automation.core.WebDriverFactory - Driver maximized and implicit time out set to 20 seconds
2022-Jul-23 03:45:58 am [main] INFO  com.visionit1.automation.stepdefs.StepDefs - Browser invoked
2022-Jul-23 03:46:09 am [main] INFO  com.visionit1.automation.stepdefs.StepDefs - Browser navigated to URL :http://automationpractice.com/
2022-Jul-23 03:46:09 am [main] INFO  com.visionit1.automation.core.WebDriverFactory - Driver closed
2022-Jul-23 03:46:09 am [main] INFO  com.visionit1.automation.stepdefs.StepDefs - Browser closed
2022-Jul-23 03:46:11 am [main] INFO  com.visionit1.automation.core.WebDriverFactory - Firefox Browser invoked
2022-Jul-23 03:46:11 am [main] INFO  com.visionit1.automation.core.WebDriverFactory - Driver maximized and implicit time out set to 20 seconds
2022-Jul-23 03:46:11 am [main] INFO  com.visionit1.automation.stepdefs.StepDefs - Browser invoked
2022-Jul-23 03:46:21 am [main] INFO  com.visionit1.automation.stepdefs.StepDefs - Browser navigated to URL :http://automationpractice.com/
2022-Jul-23 03:46:22 am [main] INFO  com.visionit1.automation.core.WebDriverFactory - Driver closed
2022-Jul-23 03:46:22 am [main] INFO  com.visionit1.automation.stepdefs.StepDefs - Browser closed
2022-Jul-23 03:46:24 am [main] INFO  com.visionit1.automation.core.WebDriverFactory - Firefox Browser invoked
2022-Jul-23 03:46:24 am [main] INFO  com.visionit1.automation.core.WebDriverFactory - Driver maximized and implicit time out set to 20 seconds
2022-Jul-23 03:46:24 am [main] INFO  com.visionit1.automation.stepdefs.StepDefs - Browser invoked
2022-Jul-23 03:46:34 am [main] INFO  com.visionit1.automation.stepdefs.StepDefs - Browser navigated to URL :http://automationpractice.com/
2022-Jul-23 03:46:34 am [main] INFO  com.visionit1.automation.pageobjects.HomePageObjects - All product catagories are displayed
2022-Jul-23 03:46:34 am [main] INFO  com.visionit1.automation.pageobjects.HomePageObjects - All product catagories are displayed
2022-Jul-23 03:46:34 am [main] INFO  com.visionit1.automation.pageobjects.HomePageObjects - All product catagories are displayed
2022-Jul-23 03:46:35 am [main] INFO  com.visionit1.automation.core.WebDriverFactory - Driver closed
2022-Jul-23 03:46:35 am [main] INFO  com.visionit1.automation.stepdefs.StepDefs - Browser closed
2022-Jul-23 03:46:37 am [main] INFO  com.visionit1.automation.core.WebDriverFactory - Firefox Browser invoked
2022-Jul-23 03:46:37 am [main] INFO  com.visionit1.automation.core.WebDriverFactory - Driver maximized and implicit time out set to 20 seconds
2022-Jul-23 03:46:37 am [main] INFO  com.visionit1.automation.stepdefs.StepDefs - Browser invoked
2022-Jul-23 03:46:49 am [main] INFO  com.visionit1.automation.stepdefs.StepDefs - Browser navigated to URL :http://automationpractice.com/
2022-Jul-23 03:46:49 am [main] INFO  com.visionit1.automation.pageobjects.HomePageObjects - created webelement for logoimage
2022-Jul-23 03:46:49 am [main] INFO  com.visionit1.automation.pageobjects.HomePageObjects - Landing page logo is displayed
2022-Jul-23 03:46:49 am [main] INFO  com.visionit1.automation.core.WebDriverFactory - Driver closed
2022-Jul-23 03:46:49 am [main] INFO  com.visionit1.automation.stepdefs.StepDefs - Browser closed
2022-Jul-23 03:46:51 am [main] INFO  com.visionit1.automation.core.WebDriverFactory - Firefox Browser invoked
2022-Jul-23 03:46:51 am [main] INFO  com.visionit1.automation.core.WebDriverFactory - Driver maximized and implicit time out set to 20 seconds
2022-Jul-23 03:46:51 am [main] INFO  com.visionit1.automation.stepdefs.StepDefs - Browser invoked
2022-Jul-23 03:47:02 am [main] INFO  com.visionit1.automation.stepdefs.StepDefs - Browser navigated to URL :http://automationpractice.com/
2022-Jul-23 03:47:02 am [main] INFO  com.visionit1.automation.pageobjects.HomePageObjects - created webelement for logoimage
2022-Jul-23 03:47:02 am [main] INFO  com.visionit1.automation.pageobjects.HomePageObjects - Landing page logo height is 99
2022-Jul-23 03:47:02 am [main] INFO  com.visionit1.automation.core.WebDriverFactory - Driver closed
2022-Jul-23 03:47:02 am [main] INFO  com.visionit1.automation.stepdefs.StepDefs - Browser closed
2022-Jul-23 03:47:04 am [main] INFO  com.visionit1.automation.core.WebDriverFactory - Firefox Browser invoked
2022-Jul-23 03:47:04 am [main] INFO  com.visionit1.automation.core.WebDriverFactory - Driver maximized and implicit time out set to 20 seconds
2022-Jul-23 03:47:04 am [main] INFO  com.visionit1.automation.stepdefs.StepDefs - Browser invoked
2022-Jul-23 03:47:16 am [main] INFO  com.visionit1.automation.stepdefs.StepDefs - Browser navigated to URL :http://automationpractice.com/
2022-Jul-23 03:47:16 am [main] INFO  com.visionit1.automation.pageobjects.HomePageObjects - created webelement for logoimage
2022-Jul-23 03:47:16 am [main] INFO  com.visionit1.automation.pageobjects.HomePageObjects - Landing page logo width is 350
2022-Jul-23 03:47:17 am [main] INFO  com.visionit1.automation.core.WebDriverFactory - Driver closed
2022-Jul-23 03:47:17 am [main] INFO  com.visionit1.automation.stepdefs.StepDefs - Browser closed
2022-Jul-23 03:47:18 am [main] INFO  com.visionit1.automation.core.WebDriverFactory - Firefox Browser invoked
2022-Jul-23 03:47:18 am [main] INFO  com.visionit1.automation.core.WebDriverFactory - Driver maximized and implicit time out set to 20 seconds
2022-Jul-23 03:47:18 am [main] INFO  com.visionit1.automation.stepdefs.StepDefs - Browser invoked
2022-Jul-23 03:47:29 am [main] INFO  com.visionit1.automation.stepdefs.StepDefs - Browser navigated to URL :http://automationpractice.com/
2022-Jul-23 03:47:29 am [main] INFO  com.visionit1.automation.pageobjects.HomePageObjects - Created webelement for signin button
2022-Jul-23 03:47:31 am [main] INFO  com.visionit1.automation.pageobjects.HomePageObjects - Clicked on sign in button
2022-Jul-23 03:47:34 am [main] INFO  com.visionit1.automation.pageobjects.HomePageObjects - Sign in page title is :Login - My Store
2022-Jul-23 03:47:35 am [main] INFO  com.visionit1.automation.core.WebDriverFactory - Driver closed
2022-Jul-23 03:47:35 am [main] INFO  com.visionit1.automation.stepdefs.StepDefs - Browser closed
2022-Jul-23 03:47:35 am [main] INFO  com.visionit1.automation.core.WebDriverFactory - Driver closed
2022-Jul-23 03:47:35 am [main] INFO  com.visionit1.automation.stepdefs.StepDefs - Browser closed
2022-Jul-23 03:47:37 am [main] INFO  com.visionit1.automation.core.WebDriverFactory - Firefox Browser invoked
2022-Jul-23 03:47:37 am [main] INFO  com.visionit1.automation.core.WebDriverFactory - Driver maximized and implicit time out set to 20 seconds
2022-Jul-23 03:47:37 am [main] INFO  com.visionit1.automation.stepdefs.StepDefs - Browser invoked
2022-Jul-23 03:47:48 am [main] INFO  com.visionit1.automation.stepdefs.StepDefs - Browser navigated to URL :http://automationpractice.com/
2022-Jul-23 03:47:48 am [main] INFO  com.visionit1.automation.pageobjects.HomePageObjects - Created webElement for twiter
2022-Jul-23 03:47:48 am [main] INFO  com.visionit1.automation.pageobjects.HomePageObjects - Click on twitter logo
2022-Jul-23 03:47:48 am [main] INFO  com.visionit1.automation.pageobjects.HomePageObjects - Window switched to twitter page
2022-Jul-23 03:47:51 am [main] INFO  com.visionit1.automation.pageobjects.HomePageObjects - Created WebElement for Twitter Account name
2022-Jul-23 03:47:51 am [main] INFO  com.visionit1.automation.pageobjects.HomePageObjects - Twitter Account name is :Selenium Framework
2022-Jul-23 03:47:52 am [main] INFO  com.visionit1.automation.core.WebDriverFactory - Driver closed
2022-Jul-23 03:47:52 am [main] INFO  com.visionit1.automation.stepdefs.StepDefs - Browser closed
2022-Jul-23 03:47:53 am [main] INFO  com.visionit1.automation.core.WebDriverFactory - Firefox Browser invoked
2022-Jul-23 03:47:53 am [main] INFO  com.visionit1.automation.core.WebDriverFactory - Driver maximized and implicit time out set to 20 seconds
2022-Jul-23 03:47:53 am [main] INFO  com.visionit1.automation.stepdefs.StepDefs - Browser invoked
2022-Jul-23 03:48:04 am [main] INFO  com.visionit1.automation.stepdefs.StepDefs - Browser navigated to URL :http://automationpractice.com/
2022-Jul-23 03:48:04 am [main] INFO  com.visionit1.automation.pageobjects.HomePageObjects - created WebElement for email box
2022-Jul-23 03:48:04 am [main] INFO  com.visionit1.automation.pageobjects.HomePageObjects - email entered in email box
2022-Jul-23 03:48:04 am [main] INFO  com.visionit1.automation.pageobjects.HomePageObjects - created WebElement for send button
2022-Jul-23 03:48:07 am [main] INFO  com.visionit1.automation.pageobjects.HomePageObjects - Clicked on Sendbutton
2022-Jul-23 03:48:28 am [main] INFO  com.visionit1.automation.core.WebDriverFactory - Driver closed
2022-Jul-23 03:48:28 am [main] INFO  com.visionit1.automation.stepdefs.StepDefs - Browser closed
